<?xml version="1.0" encoding="UTF-8"?>
<!-- Generated by org.testng.reporters.JUnitReportReporter -->
<testsuite skipped="1" hostname="LIB-WS2453" name="tests.LoginTest" tests="2" failures="0" timestamp="26 Sep 2016 14:50:35 GMT" time="0.001" errors="1">
  <testcase name="setUp" time="0.000" classname="tests.LoginTest">
    <error type="org.openqa.selenium.WebDriverException" message="Failed to connect to binary FirefoxBinary(C:\Program Files (x86)\Mozilla Firefox\firefox.exe) on port 7055; process output follows: 
Recursive scan of {972ce4c6-7e08-4474-a285-3208198ce6fd}
1474901390625	DeferredSave.extensions.json	DEBUG	Save changes
1474901390625	addons.xpi	DEBUG	Updating database with changes to installed add-ons
1474901390625	addons.xpi-utils	DEBUG	Updating add-on states
1474901390625	addons.xpi-utils	DEBUG	Writing add-ons list
1474901390627	addons.xpi	DEBUG	Registering manifest for C:\Program Files (x86)\Mozilla Firefox\browser\features\e10srollout@mozilla.org.xpi
1474901390628	addons.xpi	DEBUG	Calling bootstrap method startup on e10srollout@mozilla.org version 1.1
1474901390628	addons.xpi	DEBUG	Registering manifest for C:\Program Files (x86)\Mozilla Firefox\browser\features\firefox@getpocket.com.xpi
1474901390628	addons.xpi	DEBUG	Calling bootstrap method startup on firefox@getpocket.com version 1.0.4
1474901390628	addons.xpi	DEBUG	Registering manifest for C:\Program Files (x86)\Mozilla Firefox\browser\features\loop@mozilla.org.xpi
1474901390629	addons.xpi	DEBUG	Calling bootstrap method startup on loop@mozilla.org version 1.4.4
1474901390642	addons.manager	DEBUG	Registering shutdown blocker for XPIProvider
1474901390643	addons.manager	DEBUG	Provider finished startup: XPIProvider
1474901390643	addons.manager	DEBUG	Starting provider: LightweightThemeManager
1474901390643	addons.manager	DEBUG	Registering shutdown blocker for LightweightThemeManager
1474901390643	addons.manager	DEBUG	Provider finished startup: LightweightThemeManager
1474901390643	addons.manager	DEBUG	Starting provider: GMPProvider
1474901390648	addons.manager	DEBUG	Registering shutdown blocker for GMPProvider
1474901390648	addons.manager	DEBUG	Provider finished startup: GMPProvider
1474901390648	addons.manager	DEBUG	Starting provider: PluginProvider
1474901390648	addons.manager	DEBUG	Registering shutdown blocker for PluginProvider
1474901390648	addons.manager	DEBUG	Provider finished startup: PluginProvider
1474901390649	addons.manager	DEBUG	Completed startup sequence
1474901392124	addons.manager	DEBUG	Starting provider: &lt;unnamed-provider&gt;
1474901392124	addons.manager	DEBUG	Registering shutdown blocker for &lt;unnamed-provider&gt;
1474901392124	addons.manager	DEBUG	Provider finished startup: &lt;unnamed-provider&gt;
1474901392125	DeferredSave.extensions.json	DEBUG	Starting write
1474901392523	addons.repository	DEBUG	No addons.json found.
1474901392524	DeferredSave.addons.json	DEBUG	Save changes
1474901392526	DeferredSave.addons.json	DEBUG	Starting timer
1474901392545	addons.manager	DEBUG	Starting provider: PreviousExperimentProvider
1474901392545	addons.manager	DEBUG	Registering shutdown blocker for PreviousExperimentProvider
1474901392545	addons.manager	DEBUG	Provider finished startup: PreviousExperimentProvider
1474901392547	DeferredSave.extensions.json	DEBUG	Write succeeded
1474901392547	addons.xpi-utils	DEBUG	XPI Database saved, setting schema version preference to 17
1474901392579	DeferredSave.addons.json	DEBUG	Starting write
1474901392658	DeferredSave.addons.json	DEBUG	Write succeeded
1474901396184	addons.xpi	DEBUG	Calling bootstrap method shutdown on e10srollout@mozilla.org version 1.1
1474901396184	addons.xpi	DEBUG	Calling bootstrap method shutdown on firefox@getpocket.com version 1.0.4
1474901396184	addons.xpi	DEBUG	Calling bootstrap method shutdown on loop@mozilla.org version 1.4.4
1474901396432	addons.manager	DEBUG	shutdown
1474901396432	addons.manager	DEBUG	Calling shutdown blocker for XPIProvider
1474901396433	addons.xpi	DEBUG	shutdown
1474901396433	addons.xpi-utils	DEBUG	shutdown
1474901396433	addons.manager	DEBUG	Calling shutdown blocker for LightweightThemeManager
1474901396434	addons.manager	DEBUG	Calling shutdown blocker for GMPProvider
1474901396437	addons.manager	DEBUG	Calling shutdown blocker for PluginProvider
1474901396438	addons.manager	DEBUG	Calling shutdown blocker for &lt;unnamed-provider&gt;
1474901396440	addons.manager	DEBUG	Calling shutdown blocker for PreviousExperimentProvider
1474901396444	addons.xpi	DEBUG	Notifying XPI shutdown observers
1474901396448	addons.manager	DEBUG	Async provider shutdown done

Build info: version: &#039;2.53.1&#039;, revision: &#039;a36b8b1cd5757287168e54b817830adce9b0158d&#039;, time: &#039;2016-06-30 19:26:09&#039;
System info: host: &#039;LIB-WS2453&#039;, ip: &#039;192.168.49.43&#039;, os.name: &#039;Windows 10&#039;, os.arch: &#039;amd64&#039;, os.version: &#039;10.0&#039;, java.version: &#039;1.8.0_91&#039;
Driver info: driver.version: FirefoxDriver">
      <![CDATA[org.openqa.selenium.WebDriverException: Failed to connect to binary FirefoxBinary(C:\Program Files (x86)\Mozilla Firefox\firefox.exe) on port 7055; process output follows: 
Recursive scan of {972ce4c6-7e08-4474-a285-3208198ce6fd}
1474901390625	DeferredSave.extensions.json	DEBUG	Save changes
1474901390625	addons.xpi	DEBUG	Updating database with changes to installed add-ons
1474901390625	addons.xpi-utils	DEBUG	Updating add-on states
1474901390625	addons.xpi-utils	DEBUG	Writing add-ons list
1474901390627	addons.xpi	DEBUG	Registering manifest for C:\Program Files (x86)\Mozilla Firefox\browser\features\e10srollout@mozilla.org.xpi
1474901390628	addons.xpi	DEBUG	Calling bootstrap method startup on e10srollout@mozilla.org version 1.1
1474901390628	addons.xpi	DEBUG	Registering manifest for C:\Program Files (x86)\Mozilla Firefox\browser\features\firefox@getpocket.com.xpi
1474901390628	addons.xpi	DEBUG	Calling bootstrap method startup on firefox@getpocket.com version 1.0.4
1474901390628	addons.xpi	DEBUG	Registering manifest for C:\Program Files (x86)\Mozilla Firefox\browser\features\loop@mozilla.org.xpi
1474901390629	addons.xpi	DEBUG	Calling bootstrap method startup on loop@mozilla.org version 1.4.4
1474901390642	addons.manager	DEBUG	Registering shutdown blocker for XPIProvider
1474901390643	addons.manager	DEBUG	Provider finished startup: XPIProvider
1474901390643	addons.manager	DEBUG	Starting provider: LightweightThemeManager
1474901390643	addons.manager	DEBUG	Registering shutdown blocker for LightweightThemeManager
1474901390643	addons.manager	DEBUG	Provider finished startup: LightweightThemeManager
1474901390643	addons.manager	DEBUG	Starting provider: GMPProvider
1474901390648	addons.manager	DEBUG	Registering shutdown blocker for GMPProvider
1474901390648	addons.manager	DEBUG	Provider finished startup: GMPProvider
1474901390648	addons.manager	DEBUG	Starting provider: PluginProvider
1474901390648	addons.manager	DEBUG	Registering shutdown blocker for PluginProvider
1474901390648	addons.manager	DEBUG	Provider finished startup: PluginProvider
1474901390649	addons.manager	DEBUG	Completed startup sequence
1474901392124	addons.manager	DEBUG	Starting provider: <unnamed-provider>
1474901392124	addons.manager	DEBUG	Registering shutdown blocker for <unnamed-provider>
1474901392124	addons.manager	DEBUG	Provider finished startup: <unnamed-provider>
1474901392125	DeferredSave.extensions.json	DEBUG	Starting write
1474901392523	addons.repository	DEBUG	No addons.json found.
1474901392524	DeferredSave.addons.json	DEBUG	Save changes
1474901392526	DeferredSave.addons.json	DEBUG	Starting timer
1474901392545	addons.manager	DEBUG	Starting provider: PreviousExperimentProvider
1474901392545	addons.manager	DEBUG	Registering shutdown blocker for PreviousExperimentProvider
1474901392545	addons.manager	DEBUG	Provider finished startup: PreviousExperimentProvider
1474901392547	DeferredSave.extensions.json	DEBUG	Write succeeded
1474901392547	addons.xpi-utils	DEBUG	XPI Database saved, setting schema version preference to 17
1474901392579	DeferredSave.addons.json	DEBUG	Starting write
1474901392658	DeferredSave.addons.json	DEBUG	Write succeeded
1474901396184	addons.xpi	DEBUG	Calling bootstrap method shutdown on e10srollout@mozilla.org version 1.1
1474901396184	addons.xpi	DEBUG	Calling bootstrap method shutdown on firefox@getpocket.com version 1.0.4
1474901396184	addons.xpi	DEBUG	Calling bootstrap method shutdown on loop@mozilla.org version 1.4.4
1474901396432	addons.manager	DEBUG	shutdown
1474901396432	addons.manager	DEBUG	Calling shutdown blocker for XPIProvider
1474901396433	addons.xpi	DEBUG	shutdown
1474901396433	addons.xpi-utils	DEBUG	shutdown
1474901396433	addons.manager	DEBUG	Calling shutdown blocker for LightweightThemeManager
1474901396434	addons.manager	DEBUG	Calling shutdown blocker for GMPProvider
1474901396437	addons.manager	DEBUG	Calling shutdown blocker for PluginProvider
1474901396438	addons.manager	DEBUG	Calling shutdown blocker for <unnamed-provider>
1474901396440	addons.manager	DEBUG	Calling shutdown blocker for PreviousExperimentProvider
1474901396444	addons.xpi	DEBUG	Notifying XPI shutdown observers
1474901396448	addons.manager	DEBUG	Async provider shutdown done

Build info: version: '2.53.1', revision: 'a36b8b1cd5757287168e54b817830adce9b0158d', time: '2016-06-30 19:26:09'
System info: host: 'LIB-WS2453', ip: '192.168.49.43', os.name: 'Windows 10', os.arch: 'amd64', os.version: '10.0', java.version: '1.8.0_91'
Driver info: driver.version: FirefoxDriver
	at org.openqa.selenium.firefox.internal.NewProfileExtensionConnection.start(NewProfileExtensionConnection.java:125)
	at org.openqa.selenium.firefox.FirefoxDriver.startClient(FirefoxDriver.java:271)
	at org.openqa.selenium.remote.RemoteWebDriver.<init>(RemoteWebDriver.java:119)
	at org.openqa.selenium.firefox.FirefoxDriver.<init>(FirefoxDriver.java:216)
	at org.openqa.selenium.firefox.FirefoxDriver.<init>(FirefoxDriver.java:211)
	at org.openqa.selenium.firefox.FirefoxDriver.<init>(FirefoxDriver.java:207)
	at org.openqa.selenium.firefox.FirefoxDriver.<init>(FirefoxDriver.java:120)
	at tests.LoginTest.setUp(LoginTest.java:38)
	at sun.reflect.NativeMethodAccessorImpl.invoke0(Native Method)
	at sun.reflect.NativeMethodAccessorImpl.invoke(Unknown Source)
	at sun.reflect.DelegatingMethodAccessorImpl.invoke(Unknown Source)
	at java.lang.reflect.Method.invoke(Unknown Source)
	at org.testng.internal.MethodInvocationHelper.invokeMethod(MethodInvocationHelper.java:100)
	at org.testng.internal.Invoker.invokeConfigurationMethod(Invoker.java:515)
	at org.testng.internal.Invoker.invokeConfigurations(Invoker.java:216)
	at org.testng.internal.Invoker.invokeMethod(Invoker.java:590)
	at org.testng.internal.Invoker.invokeTestMethod(Invoker.java:811)
	at org.testng.internal.Invoker.invokeTestMethods(Invoker.java:1137)
	at org.testng.internal.TestMethodWorker.invokeTestMethods(TestMethodWorker.java:129)
	at org.testng.internal.TestMethodWorker.run(TestMethodWorker.java:112)
	at org.testng.TestRunner.privateRun(TestRunner.java:753)
	at org.testng.TestRunner.run(TestRunner.java:607)
	at org.testng.SuiteRunner.runTest(SuiteRunner.java:368)
	at org.testng.SuiteRunner.runSequentially(SuiteRunner.java:363)
	at org.testng.SuiteRunner.privateRun(SuiteRunner.java:321)
	at org.testng.SuiteRunner.run(SuiteRunner.java:270)
	at org.testng.SuiteRunnerWorker.runSuite(SuiteRunnerWorker.java:52)
	at org.testng.SuiteRunnerWorker.run(SuiteRunnerWorker.java:86)
	at org.testng.TestNG.runSuitesSequentially(TestNG.java:1284)
	at org.testng.TestNG.runSuitesLocally(TestNG.java:1209)
	at org.testng.TestNG.runSuites(TestNG.java:1124)
	at org.testng.TestNG.run(TestNG.java:1096)
	at org.testng.remote.AbstractRemoteTestNG.run(AbstractRemoteTestNG.java:126)
	at org.testng.remote.RemoteTestNG.initAndRun(RemoteTestNG.java:152)
	at org.testng.remote.RemoteTestNG.main(RemoteTestNG.java:57)
Caused by: org.openqa.selenium.firefox.NotConnectedException: Unable to connect to host 127.0.0.1 on port 7055 after 45000 ms. Firefox console output:
Recursive scan of {972ce4c6-7e08-4474-a285-3208198ce6fd}
1474901390625	DeferredSave.extensions.json	DEBUG	Save changes
1474901390625	addons.xpi	DEBUG	Updating database with changes to installed add-ons
1474901390625	addons.xpi-utils	DEBUG	Updating add-on states
1474901390625	addons.xpi-utils	DEBUG	Writing add-ons list
1474901390627	addons.xpi	DEBUG	Registering manifest for C:\Program Files (x86)\Mozilla Firefox\browser\features\e10srollout@mozilla.org.xpi
1474901390628	addons.xpi	DEBUG	Calling bootstrap method startup on e10srollout@mozilla.org version 1.1
1474901390628	addons.xpi	DEBUG	Registering manifest for C:\Program Files (x86)\Mozilla Firefox\browser\features\firefox@getpocket.com.xpi
1474901390628	addons.xpi	DEBUG	Calling bootstrap method startup on firefox@getpocket.com version 1.0.4
1474901390628	addons.xpi	DEBUG	Registering manifest for C:\Program Files (x86)\Mozilla Firefox\browser\features\loop@mozilla.org.xpi
1474901390629	addons.xpi	DEBUG	Calling bootstrap method startup on loop@mozilla.org version 1.4.4
1474901390642	addons.manager	DEBUG	Registering shutdown blocker for XPIProvider
1474901390643	addons.manager	DEBUG	Provider finished startup: XPIProvider
1474901390643	addons.manager	DEBUG	Starting provider: LightweightThemeManager
1474901390643	addons.manager	DEBUG	Registering shutdown blocker for LightweightThemeManager
1474901390643	addons.manager	DEBUG	Provider finished startup: LightweightThemeManager
1474901390643	addons.manager	DEBUG	Starting provider: GMPProvider
1474901390648	addons.manager	DEBUG	Registering shutdown blocker for GMPProvider
1474901390648	addons.manager	DEBUG	Provider finished startup: GMPProvider
1474901390648	addons.manager	DEBUG	Starting provider: PluginProvider
1474901390648	addons.manager	DEBUG	Registering shutdown blocker for PluginProvider
1474901390648	addons.manager	DEBUG	Provider finished startup: PluginProvider
1474901390649	addons.manager	DEBUG	Completed startup sequence
1474901392124	addons.manager	DEBUG	Starting provider: <unnamed-provider>
1474901392124	addons.manager	DEBUG	Registering shutdown blocker for <unnamed-provider>
1474901392124	addons.manager	DEBUG	Provider finished startup: <unnamed-provider>
1474901392125	DeferredSave.extensions.json	DEBUG	Starting write
1474901392523	addons.repository	DEBUG	No addons.json found.
1474901392524	DeferredSave.addons.json	DEBUG	Save changes
1474901392526	DeferredSave.addons.json	DEBUG	Starting timer
1474901392545	addons.manager	DEBUG	Starting provider: PreviousExperimentProvider
1474901392545	addons.manager	DEBUG	Registering shutdown blocker for PreviousExperimentProvider
1474901392545	addons.manager	DEBUG	Provider finished startup: PreviousExperimentProvider
1474901392547	DeferredSave.extensions.json	DEBUG	Write succeeded
1474901392547	addons.xpi-utils	DEBUG	XPI Database saved, setting schema version preference to 17
1474901392579	DeferredSave.addons.json	DEBUG	Starting write
1474901392658	DeferredSave.addons.json	DEBUG	Write succeeded
1474901396184	addons.xpi	DEBUG	Calling bootstrap method shutdown on e10srollout@mozilla.org version 1.1
1474901396184	addons.xpi	DEBUG	Calling bootstrap method shutdown on firefox@getpocket.com version 1.0.4
1474901396184	addons.xpi	DEBUG	Calling bootstrap method shutdown on loop@mozilla.org version 1.4.4
1474901396432	addons.manager	DEBUG	shutdown
1474901396432	addons.manager	DEBUG	Calling shutdown blocker for XPIProvider
1474901396433	addons.xpi	DEBUG	shutdown
1474901396433	addons.xpi-utils	DEBUG	shutdown
1474901396433	addons.manager	DEBUG	Calling shutdown blocker for LightweightThemeManager
1474901396434	addons.manager	DEBUG	Calling shutdown blocker for GMPProvider
1474901396437	addons.manager	DEBUG	Calling shutdown blocker for PluginProvider
1474901396438	addons.manager	DEBUG	Calling shutdown blocker for <unnamed-provider>
1474901396440	addons.manager	DEBUG	Calling shutdown blocker for PreviousExperimentProvider
1474901396444	addons.xpi	DEBUG	Notifying XPI shutdown observers
1474901396448	addons.manager	DEBUG	Async provider shutdown done

	at org.openqa.selenium.firefox.internal.NewProfileExtensionConnection.start(NewProfileExtensionConnection.java:113)
	... 34 more
]]>
    </error>
  </testcase> <!-- setUp -->
  <testcase name="testLoginPage" time="0.001" classname="tests.LoginTest">
    <skipped/>
  </testcase> <!-- testLoginPage -->
</testsuite> <!-- tests.LoginTest -->
